<?xml version="1.0" ?>
<coverage version="7.9.1" timestamp="1753739360428" lines-valid="828" lines-covered="774" line-rate="0.9348" branches-covered="0" branches-valid="0" branch-rate="0" complexity="0">
	<!-- Generated by coverage.py: https://coverage.readthedocs.io/en/7.9.1 -->
	<!-- Based on https://raw.githubusercontent.com/cobertura/web/master/htdocs/xml/coverage-04.dtd -->
	<sources>
		<source>C:\Users\20235953\Documents\work_files\git-repos\lammpskit\lammpskit</source>
	</sources>
	<packages>
		<package name="." line-rate="1" branch-rate="0" complexity="0">
			<classes>
				<class name="__init__.py" filename="__init__.py" complexity="0" line-rate="1" branch-rate="0">
					<methods/>
					<lines>
						<line number="68" hits="1"/>
						<line number="71" hits="1"/>
						<line number="72" hits="1"/>
						<line number="73" hits="1"/>
						<line number="74" hits="1"/>
						<line number="76" hits="1"/>
					</lines>
				</class>
				<class name="config.py" filename="config.py" complexity="0" line-rate="1" branch-rate="0">
					<methods/>
					<lines>
						<line number="37" hits="1"/>
						<line number="38" hits="1"/>
						<line number="47" hits="1"/>
						<line number="59" hits="1"/>
						<line number="60" hits="1"/>
						<line number="68" hits="1"/>
						<line number="103" hits="1"/>
						<line number="104" hits="1"/>
						<line number="106" hits="1"/>
						<line number="107" hits="1"/>
						<line number="109" hits="1"/>
						<line number="110" hits="1"/>
						<line number="113" hits="1"/>
						<line number="145" hits="1"/>
						<line number="146" hits="1"/>
						<line number="149" hits="1"/>
						<line number="150" hits="1"/>
						<line number="151" hits="1"/>
						<line number="154" hits="1"/>
						<line number="155" hits="1"/>
						<line number="156" hits="1"/>
						<line number="159" hits="1"/>
						<line number="193" hits="1"/>
						<line number="194" hits="1"/>
						<line number="196" hits="1"/>
						<line number="197" hits="1"/>
						<line number="200" hits="1"/>
						<line number="201" hits="1"/>
						<line number="202" hits="1"/>
						<line number="203" hits="1"/>
						<line number="204" hits="1"/>
						<line number="205" hits="1"/>
						<line number="207" hits="1"/>
						<line number="208" hits="1"/>
						<line number="211" hits="1"/>
						<line number="243" hits="1"/>
						<line number="244" hits="1"/>
						<line number="246" hits="1"/>
						<line number="247" hits="1"/>
						<line number="249" hits="1"/>
						<line number="250" hits="1"/>
						<line number="252" hits="1"/>
						<line number="253" hits="1"/>
						<line number="256" hits="1"/>
						<line number="290" hits="1"/>
						<line number="291" hits="1"/>
						<line number="294" hits="1"/>
						<line number="295" hits="1"/>
						<line number="297" hits="1"/>
						<line number="298" hits="1"/>
						<line number="301" hits="1"/>
						<line number="347" hits="1"/>
						<line number="350" hits="1"/>
						<line number="351" hits="1"/>
						<line number="352" hits="1"/>
						<line number="353" hits="1"/>
						<line number="354" hits="1"/>
						<line number="355" hits="1"/>
						<line number="358" hits="1"/>
						<line number="359" hits="1"/>
						<line number="362" hits="1"/>
						<line number="363" hits="1"/>
						<line number="366" hits="1"/>
						<line number="367" hits="1"/>
						<line number="372" hits="1"/>
						<line number="373" hits="1"/>
						<line number="380" hits="1"/>
					</lines>
				</class>
			</classes>
		</package>
		<package name="ecellmodel" line-rate="0.8992" branch-rate="0" complexity="0">
			<classes>
				<class name="__init__.py" filename="ecellmodel/__init__.py" complexity="0" line-rate="1" branch-rate="0">
					<methods/>
					<lines>
						<line number="9" hits="1"/>
						<line number="14" hits="1"/>
						<line number="17" hits="1"/>
						<line number="27" hits="1"/>
					</lines>
				</class>
				<class name="data_processing.py" filename="ecellmodel/data_processing.py" complexity="0" line-rate="0.9125" branch-rate="0">
					<methods/>
					<lines>
						<line number="69" hits="1"/>
						<line number="70" hits="1"/>
						<line number="73" hits="1"/>
						<line number="173" hits="1"/>
						<line number="176" hits="1"/>
						<line number="201" hits="1"/>
						<line number="204" hits="1"/>
						<line number="290" hits="1"/>
						<line number="291" hits="1"/>
						<line number="292" hits="1"/>
						<line number="295" hits="1"/>
						<line number="416" hits="1"/>
						<line number="418" hits="1"/>
						<line number="419" hits="1"/>
						<line number="422" hits="1"/>
						<line number="423" hits="1"/>
						<line number="424" hits="1"/>
						<line number="427" hits="1"/>
						<line number="428" hits="1"/>
						<line number="430" hits="1"/>
						<line number="432" hits="1"/>
						<line number="434" hits="1"/>
						<line number="435" hits="1"/>
						<line number="437" hits="1"/>
						<line number="440" hits="1"/>
						<line number="600" hits="1"/>
						<line number="602" hits="1"/>
						<line number="603" hits="1"/>
						<line number="606" hits="1"/>
						<line number="609" hits="1"/>
						<line number="612" hits="1"/>
						<line number="615" hits="1"/>
						<line number="620" hits="1"/>
						<line number="621" hits="1"/>
						<line number="624" hits="1"/>
						<line number="627" hits="1"/>
						<line number="628" hits="1"/>
						<line number="629" hits="1"/>
						<line number="630" hits="1"/>
						<line number="632" hits="1"/>
						<line number="635" hits="1"/>
						<line number="638" hits="1"/>
						<line number="641" hits="1"/>
						<line number="644" hits="1"/>
						<line number="648" hits="1"/>
						<line number="651" hits="1"/>
						<line number="800" hits="1"/>
						<line number="801" hits="1"/>
						<line number="804" hits="1"/>
						<line number="807" hits="1"/>
						<line number="808" hits="1"/>
						<line number="812" hits="1"/>
						<line number="813" hits="1"/>
						<line number="814" hits="1"/>
						<line number="816" hits="1"/>
						<line number="817" hits="1"/>
						<line number="820" hits="1"/>
						<line number="821" hits="1"/>
						<line number="822" hits="1"/>
						<line number="823" hits="1"/>
						<line number="824" hits="1"/>
						<line number="825" hits="1"/>
						<line number="826" hits="1"/>
						<line number="827" hits="1"/>
						<line number="828" hits="1"/>
						<line number="829" hits="1"/>
						<line number="832" hits="1"/>
						<line number="833" hits="1"/>
						<line number="834" hits="0"/>
						<line number="835" hits="1"/>
						<line number="836" hits="0"/>
						<line number="837" hits="1"/>
						<line number="838" hits="0"/>
						<line number="839" hits="1"/>
						<line number="840" hits="0"/>
						<line number="843" hits="1"/>
						<line number="844" hits="1"/>
						<line number="847" hits="0"/>
						<line number="848" hits="0"/>
						<line number="851" hits="0"/>
					</lines>
				</class>
				<class name="filament_layer_analysis.py" filename="ecellmodel/filament_layer_analysis.py" complexity="0" line-rate="0.8954" branch-rate="0">
					<methods/>
					<lines>
						<line number="1" hits="1"/>
						<line number="2" hits="1"/>
						<line number="3" hits="1"/>
						<line number="5" hits="1"/>
						<line number="6" hits="1"/>
						<line number="9" hits="1"/>
						<line number="10" hits="1"/>
						<line number="11" hits="1"/>
						<line number="12" hits="1"/>
						<line number="13" hits="0"/>
						<line number="15" hits="0"/>
						<line number="16" hits="0"/>
						<line number="17" hits="0"/>
						<line number="20" hits="0"/>
						<line number="21" hits="0"/>
						<line number="23" hits="0"/>
						<line number="26" hits="0"/>
						<line number="28" hits="0"/>
						<line number="29" hits="0"/>
						<line number="30" hits="0"/>
						<line number="31" hits="0"/>
						<line number="33" hits="0"/>
						<line number="35" hits="0"/>
						<line number="36" hits="0"/>
						<line number="37" hits="0"/>
						<line number="38" hits="0"/>
						<line number="39" hits="0"/>
						<line number="41" hits="0"/>
						<line number="42" hits="0"/>
						<line number="44" hits="0"/>
						<line number="45" hits="0"/>
						<line number="47" hits="0"/>
						<line number="50" hits="1"/>
						<line number="51" hits="1"/>
						<line number="54" hits="1"/>
						<line number="65" hits="1"/>
						<line number="80" hits="1"/>
						<line number="81" hits="1"/>
						<line number="82" hits="1"/>
						<line number="83" hits="1"/>
						<line number="84" hits="1"/>
						<line number="88" hits="1"/>
						<line number="278" hits="1"/>
						<line number="440" hits="1"/>
						<line number="442" hits="1"/>
						<line number="443" hits="1"/>
						<line number="445" hits="1"/>
						<line number="446" hits="1"/>
						<line number="447" hits="1"/>
						<line number="448" hits="1"/>
						<line number="450" hits="1"/>
						<line number="451" hits="1"/>
						<line number="452" hits="1"/>
						<line number="453" hits="1"/>
						<line number="454" hits="1"/>
						<line number="455" hits="0"/>
						<line number="456" hits="0"/>
						<line number="458" hits="1"/>
						<line number="459" hits="1"/>
						<line number="460" hits="1"/>
						<line number="461" hits="1"/>
						<line number="462" hits="1"/>
						<line number="463" hits="1"/>
						<line number="464" hits="1"/>
						<line number="465" hits="1"/>
						<line number="466" hits="1"/>
						<line number="467" hits="1"/>
						<line number="475" hits="1"/>
						<line number="692" hits="1"/>
						<line number="695" hits="1"/>
						<line number="696" hits="1"/>
						<line number="699" hits="1"/>
						<line number="702" hits="1"/>
						<line number="705" hits="1"/>
						<line number="707" hits="1"/>
						<line number="710" hits="1"/>
						<line number="711" hits="1"/>
						<line number="714" hits="1"/>
						<line number="715" hits="1"/>
						<line number="716" hits="1"/>
						<line number="717" hits="1"/>
						<line number="718" hits="1"/>
						<line number="720" hits="1"/>
						<line number="721" hits="1"/>
						<line number="722" hits="1"/>
						<line number="723" hits="1"/>
						<line number="725" hits="1"/>
						<line number="728" hits="1"/>
						<line number="729" hits="1"/>
						<line number="741" hits="1"/>
						<line number="744" hits="1"/>
						<line number="745" hits="1"/>
						<line number="757" hits="1"/>
						<line number="760" hits="1"/>
						<line number="761" hits="1"/>
						<line number="775" hits="1"/>
						<line number="776" hits="1"/>
						<line number="790" hits="1"/>
						<line number="791" hits="1"/>
						<line number="805" hits="1"/>
						<line number="806" hits="1"/>
						<line number="819" hits="1"/>
						<line number="829" hits="1"/>
						<line number="1100" hits="1"/>
						<line number="1103" hits="1"/>
						<line number="1104" hits="1"/>
						<line number="1107" hits="1"/>
						<line number="1110" hits="1"/>
						<line number="1112" hits="1"/>
						<line number="1115" hits="1"/>
						<line number="1118" hits="1"/>
						<line number="1120" hits="1"/>
						<line number="1123" hits="1"/>
						<line number="1124" hits="1"/>
						<line number="1141" hits="1"/>
						<line number="1142" hits="1"/>
						<line number="1158" hits="1"/>
						<line number="1159" hits="1"/>
						<line number="1175" hits="1"/>
						<line number="1176" hits="1"/>
						<line number="1194" hits="1"/>
						<line number="1195" hits="1"/>
						<line number="1212" hits="1"/>
						<line number="1213" hits="1"/>
						<line number="1229" hits="1"/>
						<line number="1230" hits="1"/>
						<line number="1245" hits="1"/>
						<line number="1256" hits="1"/>
						<line number="1533" hits="1"/>
						<line number="1534" hits="1"/>
						<line number="1535" hits="1"/>
						<line number="1537" hits="1"/>
						<line number="1538" hits="1"/>
						<line number="1543" hits="1"/>
						<line number="1544" hits="1"/>
						<line number="1545" hits="1"/>
						<line number="1546" hits="1"/>
						<line number="1548" hits="1"/>
						<line number="1549" hits="1"/>
						<line number="1551" hits="1"/>
						<line number="1552" hits="1"/>
						<line number="1553" hits="1"/>
						<line number="1554" hits="1"/>
						<line number="1556" hits="1"/>
						<line number="1557" hits="1"/>
						<line number="1558" hits="1"/>
						<line number="1559" hits="1"/>
						<line number="1562" hits="1"/>
						<line number="1563" hits="1"/>
						<line number="1564" hits="1"/>
						<line number="1565" hits="1"/>
						<line number="1567" hits="1"/>
						<line number="1570" hits="1"/>
						<line number="1571" hits="1"/>
						<line number="1585" hits="1"/>
						<line number="1586" hits="1"/>
						<line number="1599" hits="1"/>
						<line number="1600" hits="1"/>
						<line number="1612" hits="1"/>
						<line number="1619" hits="1"/>
						<line number="1955" hits="1"/>
						<line number="1956" hits="0"/>
						<line number="1962" hits="1"/>
						<line number="1963" hits="1"/>
						<line number="1965" hits="1"/>
						<line number="1967" hits="1"/>
						<line number="1968" hits="1"/>
						<line number="1969" hits="1"/>
						<line number="1970" hits="1"/>
						<line number="1971" hits="1"/>
						<line number="1972" hits="1"/>
						<line number="1975" hits="1"/>
						<line number="1976" hits="1"/>
						<line number="1981" hits="1"/>
						<line number="1982" hits="1"/>
						<line number="1983" hits="1"/>
						<line number="1984" hits="1"/>
						<line number="1985" hits="1"/>
						<line number="1986" hits="1"/>
						<line number="1988" hits="1"/>
						<line number="1989" hits="1"/>
						<line number="1992" hits="1"/>
						<line number="1993" hits="1"/>
						<line number="1998" hits="1"/>
						<line number="1999" hits="1"/>
						<line number="2000" hits="1"/>
						<line number="2001" hits="1"/>
						<line number="2002" hits="1"/>
						<line number="2005" hits="1"/>
						<line number="2006" hits="1"/>
						<line number="2007" hits="1"/>
						<line number="2009" hits="1"/>
						<line number="2011" hits="1"/>
						<line number="2012" hits="1"/>
						<line number="2013" hits="1"/>
						<line number="2014" hits="1"/>
						<line number="2016" hits="1"/>
						<line number="2017" hits="1"/>
						<line number="2018" hits="1"/>
						<line number="2019" hits="1"/>
						<line number="2021" hits="1"/>
						<line number="2022" hits="1"/>
						<line number="2023" hits="1"/>
						<line number="2024" hits="1"/>
						<line number="2025" hits="1"/>
						<line number="2026" hits="1"/>
						<line number="2027" hits="1"/>
						<line number="2028" hits="1"/>
						<line number="2029" hits="1"/>
						<line number="2030" hits="1"/>
						<line number="2031" hits="1"/>
						<line number="2034" hits="1"/>
						<line number="2035" hits="1"/>
						<line number="2038" hits="1"/>
						<line number="2041" hits="1"/>
						<line number="2042" hits="1"/>
						<line number="2043" hits="1"/>
						<line number="2044" hits="1"/>
						<line number="2045" hits="1"/>
						<line number="2046" hits="1"/>
						<line number="2047" hits="1"/>
						<line number="2048" hits="1"/>
						<line number="2051" hits="1"/>
						<line number="2052" hits="1"/>
						<line number="2057" hits="1"/>
						<line number="2060" hits="1"/>
						<line number="2061" hits="1"/>
						<line number="2062" hits="1"/>
						<line number="2063" hits="1"/>
						<line number="2064" hits="1"/>
						<line number="2065" hits="1"/>
						<line number="2066" hits="1"/>
						<line number="2067" hits="1"/>
						<line number="2069" hits="1"/>
						<line number="2072" hits="1"/>
						<line number="2397" hits="1"/>
						<line number="2398" hits="1"/>
						<line number="2399" hits="1"/>
						<line number="2400" hits="1"/>
						<line number="2401" hits="1"/>
						<line number="2402" hits="1"/>
						<line number="2403" hits="1"/>
						<line number="2404" hits="1"/>
						<line number="2405" hits="1"/>
						<line number="2406" hits="1"/>
						<line number="2409" hits="1"/>
						<line number="2410" hits="1"/>
						<line number="2422" hits="1"/>
						<line number="2423" hits="1"/>
						<line number="2424" hits="1"/>
						<line number="2425" hits="1"/>
						<line number="2426" hits="1"/>
						<line number="2427" hits="1"/>
						<line number="2428" hits="1"/>
						<line number="2429" hits="1"/>
						<line number="2430" hits="1"/>
						<line number="2431" hits="1"/>
						<line number="2434" hits="1"/>
						<line number="2435" hits="1"/>
						<line number="2436" hits="1"/>
						<line number="2437" hits="1"/>
						<line number="2438" hits="1"/>
						<line number="2439" hits="1"/>
						<line number="2440" hits="1"/>
						<line number="2441" hits="1"/>
						<line number="2442" hits="1"/>
						<line number="2443" hits="1"/>
						<line number="2445" hits="1"/>
						<line number="2448" hits="1"/>
						<line number="2451" hits="1"/>
						<line number="2456" hits="1"/>
						<line number="2457" hits="1"/>
						<line number="2466" hits="1"/>
						<line number="2469" hits="1"/>
						<line number="2470" hits="1"/>
						<line number="2479" hits="1"/>
						<line number="2482" hits="1"/>
						<line number="2483" hits="1"/>
						<line number="2493" hits="1"/>
						<line number="2496" hits="1"/>
						<line number="2510" hits="1"/>
						<line number="2511" hits="1"/>
						<line number="2512" hits="1"/>
						<line number="2526" hits="1"/>
						<line number="2529" hits="1"/>
						<line number="2542" hits="1"/>
						<line number="2543" hits="1"/>
						<line number="2544" hits="1"/>
						<line number="2558" hits="1"/>
						<line number="2561" hits="1"/>
						<line number="2562" hits="1"/>
						<line number="2563" hits="1"/>
						<line number="2575" hits="1"/>
						<line number="2578" hits="1"/>
						<line number="2583" hits="1"/>
						<line number="2584" hits="1"/>
						<line number="2594" hits="1"/>
						<line number="2597" hits="1"/>
						<line number="2598" hits="1"/>
						<line number="2607" hits="1"/>
						<line number="2610" hits="1"/>
						<line number="2611" hits="1"/>
						<line number="2620" hits="1"/>
						<line number="2623" hits="1"/>
						<line number="2624" hits="1"/>
						<line number="2634" hits="1"/>
						<line number="2637" hits="1"/>
						<line number="2651" hits="1"/>
						<line number="2993" hits="1"/>
						<line number="2994" hits="1"/>
						<line number="2997" hits="1"/>
						<line number="2998" hits="1"/>
						<line number="2999" hits="1"/>
						<line number="3000" hits="1"/>
						<line number="3001" hits="1"/>
						<line number="3002" hits="1"/>
						<line number="3003" hits="1"/>
						<line number="3004" hits="1"/>
						<line number="3007" hits="1"/>
						<line number="3008" hits="1"/>
						<line number="3009" hits="1"/>
						<line number="3010" hits="1"/>
						<line number="3013" hits="1"/>
						<line number="3015" hits="1"/>
						<line number="3016" hits="1"/>
						<line number="3018" hits="1"/>
						<line number="3020" hits="1"/>
						<line number="3021" hits="1"/>
						<line number="3024" hits="1"/>
						<line number="3025" hits="1"/>
						<line number="3026" hits="1"/>
						<line number="3027" hits="1"/>
						<line number="3028" hits="1"/>
						<line number="3031" hits="1"/>
						<line number="3033" hits="1"/>
						<line number="3034" hits="1"/>
						<line number="3035" hits="1"/>
						<line number="3036" hits="1"/>
						<line number="3039" hits="1"/>
						<line number="3041" hits="1"/>
						<line number="3044" hits="1"/>
						<line number="3045" hits="1"/>
						<line number="3048" hits="1"/>
						<line number="3051" hits="1"/>
						<line number="3052" hits="1"/>
						<line number="3053" hits="1"/>
						<line number="3056" hits="1"/>
						<line number="3058" hits="1"/>
						<line number="3059" hits="1"/>
						<line number="3062" hits="1"/>
						<line number="3063" hits="1"/>
						<line number="3064" hits="1"/>
						<line number="3069" hits="1"/>
						<line number="3070" hits="1"/>
						<line number="3072" hits="1"/>
						<line number="3073" hits="1"/>
						<line number="3076" hits="1"/>
						<line number="3079" hits="1"/>
						<line number="3082" hits="1"/>
						<line number="3083" hits="1"/>
						<line number="3086" hits="1"/>
						<line number="3087" hits="1"/>
						<line number="3088" hits="1"/>
						<line number="3091" hits="1"/>
						<line number="3092" hits="1"/>
						<line number="3095" hits="1"/>
						<line number="3098" hits="1"/>
						<line number="3099" hits="1"/>
						<line number="3102" hits="1"/>
						<line number="3105" hits="1"/>
						<line number="3108" hits="1"/>
						<line number="3109" hits="1"/>
						<line number="3110" hits="1"/>
						<line number="3112" hits="1"/>
						<line number="3113" hits="1"/>
						<line number="3118" hits="1"/>
						<line number="3125" hits="0"/>
						<line number="3126" hits="0"/>
						<line number="3127" hits="0"/>
						<line number="3129" hits="0"/>
						<line number="3131" hits="0"/>
						<line number="3133" hits="0"/>
						<line number="3134" hits="0"/>
						<line number="3135" hits="0"/>
						<line number="3136" hits="0"/>
						<line number="3137" hits="0"/>
						<line number="3138" hits="0"/>
						<line number="3139" hits="0"/>
						<line number="3140" hits="0"/>
						<line number="3141" hits="0"/>
						<line number="3144" hits="1"/>
						<line number="3145" hits="0"/>
					</lines>
				</class>
			</classes>
		</package>
		<package name="io" line-rate="0.9894" branch-rate="0" complexity="0">
			<classes>
				<class name="__init__.py" filename="io/__init__.py" complexity="0" line-rate="1" branch-rate="0">
					<methods/>
					<lines>
						<line number="8" hits="1"/>
						<line number="10" hits="1"/>
					</lines>
				</class>
				<class name="lammps_readers.py" filename="io/lammps_readers.py" complexity="0" line-rate="0.9891" branch-rate="0">
					<methods/>
					<lines>
						<line number="49" hits="1"/>
						<line number="50" hits="1"/>
						<line number="51" hits="1"/>
						<line number="54" hits="1"/>
						<line number="57" hits="1"/>
						<line number="126" hits="1"/>
						<line number="127" hits="1"/>
						<line number="128" hits="1"/>
						<line number="130" hits="1"/>
						<line number="131" hits="1"/>
						<line number="132" hits="1"/>
						<line number="133" hits="1"/>
						<line number="134" hits="1"/>
						<line number="136" hits="1"/>
						<line number="137" hits="1"/>
						<line number="138" hits="1"/>
						<line number="139" hits="1"/>
						<line number="140" hits="1"/>
						<line number="141" hits="1"/>
						<line number="142" hits="1"/>
						<line number="143" hits="1"/>
						<line number="144" hits="1"/>
						<line number="147" hits="1"/>
						<line number="148" hits="1"/>
						<line number="149" hits="1"/>
						<line number="150" hits="1"/>
						<line number="151" hits="1"/>
						<line number="152" hits="1"/>
						<line number="153" hits="1"/>
						<line number="154" hits="1"/>
						<line number="155" hits="1"/>
						<line number="156" hits="1"/>
						<line number="157" hits="1"/>
						<line number="158" hits="1"/>
						<line number="159" hits="1"/>
						<line number="160" hits="1"/>
						<line number="163" hits="1"/>
						<line number="164" hits="1"/>
						<line number="165" hits="1"/>
						<line number="166" hits="1"/>
						<line number="167" hits="1"/>
						<line number="169" hits="1"/>
						<line number="170" hits="1"/>
						<line number="171" hits="1"/>
						<line number="172" hits="1"/>
						<line number="173" hits="1"/>
						<line number="174" hits="1"/>
						<line number="175" hits="1"/>
						<line number="176" hits="1"/>
						<line number="177" hits="1"/>
						<line number="178" hits="1"/>
						<line number="181" hits="1"/>
						<line number="182" hits="1"/>
						<line number="183" hits="1"/>
						<line number="184" hits="1"/>
						<line number="185" hits="1"/>
						<line number="186" hits="1"/>
						<line number="187" hits="1"/>
						<line number="188" hits="1"/>
						<line number="189" hits="1"/>
						<line number="190" hits="1"/>
						<line number="193" hits="1"/>
						<line number="194" hits="1"/>
						<line number="195" hits="1"/>
						<line number="196" hits="1"/>
						<line number="197" hits="1"/>
						<line number="198" hits="1"/>
						<line number="199" hits="1"/>
						<line number="200" hits="1"/>
						<line number="201" hits="1"/>
						<line number="202" hits="1"/>
						<line number="203" hits="1"/>
						<line number="204" hits="1"/>
						<line number="205" hits="1"/>
						<line number="206" hits="1"/>
						<line number="207" hits="0"/>
						<line number="210" hits="1"/>
						<line number="304" hits="1"/>
						<line number="306" hits="1"/>
						<line number="308" hits="1"/>
						<line number="309" hits="1"/>
						<line number="310" hits="1"/>
						<line number="312" hits="1"/>
						<line number="313" hits="1"/>
						<line number="314" hits="1"/>
						<line number="316" hits="1"/>
						<line number="319" hits="1"/>
						<line number="320" hits="1"/>
						<line number="323" hits="1"/>
						<line number="324" hits="1"/>
						<line number="325" hits="1"/>
						<line number="327" hits="1"/>
					</lines>
				</class>
			</classes>
		</package>
		<package name="plotting" line-rate="0.973" branch-rate="0" complexity="0">
			<classes>
				<class name="__init__.py" filename="plotting/__init__.py" complexity="0" line-rate="1" branch-rate="0">
					<methods/>
					<lines>
						<line number="8" hits="1"/>
						<line number="9" hits="1"/>
						<line number="19" hits="1"/>
					</lines>
				</class>
				<class name="timeseries_plots.py" filename="plotting/timeseries_plots.py" complexity="0" line-rate="0.9902" branch-rate="0">
					<methods/>
					<lines>
						<line number="10" hits="1"/>
						<line number="11" hits="1"/>
						<line number="12" hits="1"/>
						<line number="13" hits="1"/>
						<line number="14" hits="1"/>
						<line number="17" hits="1"/>
						<line number="18" hits="1"/>
						<line number="111" hits="1"/>
						<line number="112" hits="1"/>
						<line number="113" hits="1"/>
						<line number="114" hits="1"/>
						<line number="117" hits="1"/>
						<line number="118" hits="1"/>
						<line number="121" hits="1"/>
						<line number="124" hits="1"/>
						<line number="125" hits="1"/>
						<line number="126" hits="1"/>
						<line number="127" hits="1"/>
						<line number="130" hits="1"/>
						<line number="131" hits="1"/>
						<line number="241" hits="1"/>
						<line number="242" hits="1"/>
						<line number="243" hits="1"/>
						<line number="244" hits="1"/>
						<line number="247" hits="1"/>
						<line number="248" hits="1"/>
						<line number="251" hits="1"/>
						<line number="254" hits="1"/>
						<line number="255" hits="1"/>
						<line number="256" hits="1"/>
						<line number="257" hits="1"/>
						<line number="260" hits="1"/>
						<line number="261" hits="1"/>
						<line number="262" hits="1"/>
						<line number="263" hits="1"/>
						<line number="266" hits="1"/>
						<line number="419" hits="1"/>
						<line number="420" hits="1"/>
						<line number="422" hits="1"/>
						<line number="425" hits="1"/>
						<line number="426" hits="1"/>
						<line number="429" hits="1"/>
						<line number="430" hits="1"/>
						<line number="441" hits="1"/>
						<line number="442" hits="1"/>
						<line number="443" hits="1"/>
						<line number="445" hits="1"/>
						<line number="446" hits="1"/>
						<line number="447" hits="1"/>
						<line number="450" hits="1"/>
						<line number="451" hits="1"/>
						<line number="454" hits="1"/>
						<line number="455" hits="1"/>
						<line number="458" hits="1"/>
						<line number="459" hits="1"/>
						<line number="460" hits="1"/>
						<line number="461" hits="1"/>
						<line number="463" hits="0"/>
						<line number="465" hits="1"/>
						<line number="468" hits="1"/>
						<line number="659" hits="1"/>
						<line number="660" hits="1"/>
						<line number="662" hits="1"/>
						<line number="665" hits="1"/>
						<line number="666" hits="1"/>
						<line number="667" hits="1"/>
						<line number="668" hits="1"/>
						<line number="671" hits="1"/>
						<line number="672" hits="1"/>
						<line number="673" hits="1"/>
						<line number="682" hits="1"/>
						<line number="683" hits="1"/>
						<line number="686" hits="1"/>
						<line number="687" hits="1"/>
						<line number="690" hits="1"/>
						<line number="691" hits="1"/>
						<line number="692" hits="1"/>
						<line number="702" hits="1"/>
						<line number="705" hits="1"/>
						<line number="706" hits="1"/>
						<line number="709" hits="1"/>
						<line number="712" hits="1"/>
						<line number="713" hits="1"/>
						<line number="716" hits="1"/>
						<line number="717" hits="1"/>
						<line number="718" hits="1"/>
						<line number="720" hits="1"/>
						<line number="721" hits="1"/>
						<line number="723" hits="1"/>
						<line number="726" hits="1"/>
						<line number="815" hits="1"/>
						<line number="816" hits="1"/>
						<line number="817" hits="1"/>
						<line number="818" hits="1"/>
						<line number="819" hits="1"/>
						<line number="822" hits="1"/>
						<line number="919" hits="1"/>
						<line number="920" hits="1"/>
						<line number="921" hits="1"/>
						<line number="924" hits="1"/>
						<line number="1039" hits="1"/>
						<line number="1040" hits="1"/>
					</lines>
				</class>
				<class name="utils.py" filename="plotting/utils.py" complexity="0" line-rate="0.95" branch-rate="0">
					<methods/>
					<lines>
						<line number="55" hits="1"/>
						<line number="56" hits="1"/>
						<line number="57" hits="1"/>
						<line number="58" hits="1"/>
						<line number="61" hits="1"/>
						<line number="200" hits="1"/>
						<line number="201" hits="1"/>
						<line number="202" hits="1"/>
						<line number="203" hits="1"/>
						<line number="204" hits="1"/>
						<line number="205" hits="1"/>
						<line number="206" hits="1"/>
						<line number="207" hits="1"/>
						<line number="208" hits="1"/>
						<line number="209" hits="1"/>
						<line number="210" hits="1"/>
						<line number="213" hits="1"/>
						<line number="214" hits="1"/>
						<line number="215" hits="1"/>
						<line number="216" hits="1"/>
						<line number="219" hits="1"/>
						<line number="220" hits="1"/>
						<line number="221" hits="1"/>
						<line number="222" hits="1"/>
						<line number="233" hits="1"/>
						<line number="234" hits="1"/>
						<line number="235" hits="1"/>
						<line number="236" hits="1"/>
						<line number="247" hits="1"/>
						<line number="248" hits="1"/>
						<line number="249" hits="1"/>
						<line number="250" hits="1"/>
						<line number="262" hits="1"/>
						<line number="263" hits="1"/>
						<line number="276" hits="1"/>
						<line number="277" hits="0"/>
						<line number="278" hits="0"/>
						<line number="280" hits="0"/>
						<line number="281" hits="0"/>
						<line number="284" hits="1"/>
						<line number="285" hits="1"/>
						<line number="286" hits="1"/>
						<line number="287" hits="1"/>
						<line number="288" hits="1"/>
						<line number="289" hits="1"/>
						<line number="290" hits="1"/>
						<line number="291" hits="1"/>
						<line number="292" hits="1"/>
						<line number="293" hits="1"/>
						<line number="294" hits="1"/>
						<line number="295" hits="1"/>
						<line number="296" hits="1"/>
						<line number="297" hits="1"/>
						<line number="298" hits="1"/>
						<line number="299" hits="1"/>
						<line number="300" hits="1"/>
						<line number="301" hits="1"/>
						<line number="303" hits="1"/>
						<line number="304" hits="1"/>
						<line number="305" hits="1"/>
						<line number="306" hits="1"/>
						<line number="308" hits="1"/>
						<line number="309" hits="1"/>
						<line number="310" hits="1"/>
						<line number="311" hits="1"/>
						<line number="312" hits="1"/>
						<line number="313" hits="1"/>
						<line number="314" hits="1"/>
						<line number="315" hits="1"/>
						<line number="321" hits="1"/>
						<line number="322" hits="1"/>
						<line number="323" hits="1"/>
						<line number="324" hits="1"/>
						<line number="325" hits="1"/>
						<line number="326" hits="1"/>
						<line number="327" hits="1"/>
						<line number="328" hits="1"/>
						<line number="329" hits="1"/>
						<line number="330" hits="1"/>
						<line number="331" hits="1"/>
					</lines>
				</class>
			</classes>
		</package>
	</packages>
</coverage>
